"C:/Users/eduar/Documents/Unreal Projects/IvanHelsink/Content/Level_1/Soundes/Game-Track-2_01.uasset" 0
"C:/Users/eduar/Documents/Unreal Projects/IvanHelsink/Content/Level_1/Soundes/Lose.uasset" 1
"C:/Users/eduar/Documents/Unreal Projects/IvanHelsink/Content/Level_1/Textures/BackGround/anfal-shamsudeen-Sf8g7a3duRY-unsplash.uasset" 2
"C:/Users/eduar/Documents/Unreal Projects/IvanHelsink/Content/Level_1/Textures/BackGround/anfal-shamsudeen-Sf8g7a3duRY-unsplash_Sprite.uasset" 3
"../../../Engine/Content/EngineMaterials/T_Default_Material_Grid_N.uasset" 4
"../../../Engine/Content/EngineMaterials/T_Default_Material_Grid_M.uasset" 5
"../../../Engine/Content/Functions/Engine_MaterialFunctions01/Opacity/CameraDepthFade.uasset" 6
"../../../Engine/Content/EngineMaterials/WorldGridMaterial.uasset" 7
"../../../Engine/Content/ArtTools/RenderToTexture/Meshes/S_1_Unit_Plane.uasset" 8
"../../../Engine/Content/EngineMaterials/DefaultMaterial.uasset" 9
"../../../Engine/Content/BasicShapes/Cone.uasset" 10
"../../../Engine/Content/BasicShapes/Cube.uasset" 11
"../../../Engine/Content/BasicShapes/Plane.uasset" 12
"../../../Engine/Content/BasicShapes/Sphere.uasset" 13
"../../../Engine/Content/EditorLandscapeResources/DataLayer.uasset" 14
"../../../Engine/Content/EditorLandscapeResources/DefaultAlphaTexture.uasset" 15
"../../../Engine/Content/EditorMaterials/MAT_Groups_Toggle.uasset" 16
"../../../Engine/Content/EditorMaterials/MAT_Groups_Visibility.uasset" 17
"../../../Engine/Content/EditorMaterials/PreviewShadowIndicator.uasset" 18
"../../../Engine/Content/EditorMaterials/PreviewShadowIndicatorMaterial.uasset" 19
"../../../Engine/Content/EditorMaterials/MatineeGroups/MAT_ColorTrack.uasset" 20
"../../../Engine/Content/EditorMaterials/MatineeGroups/MAT_Groups_Anim.uasset" 21
"../../../Engine/Content/EditorMaterials/MatineeGroups/MAT_Groups_AudioMaster.uasset" 22
"../../../Engine/Content/EditorMaterials/MatineeGroups/MAT_Groups_Director.uasset" 23
"../../../Engine/Content/EditorMaterials/MatineeGroups/MAT_Groups_Event.uasset" 24
"../../../Engine/Content/EditorMaterials/MatineeGroups/MAT_Groups_Fade.uasset" 25
"../../../Engine/Content/EditorMaterials/MatineeGroups/MAT_Groups_Float.uasset" 26
"../../../Engine/Content/EditorMaterials/MatineeGroups/MAT_Groups_Move.uasset" 27
"../../../Engine/Content/EditorMaterials/MatineeGroups/MAT_Groups_Slomo.uasset" 28
"../../../Engine/Content/EditorMaterials/MatineeGroups/MAT_Groups_Sound.uasset" 29
"../../../Engine/Content/EditorMaterials/MatineeGroups/MAT_Groups_Vector.uasset" 30
"../../../Engine/Content/EditorMaterials/ParticleSystems/PSysThumbnail_NoImage.uasset" 31
"../../../Engine/Content/EditorMaterials/ParticleSystems/PSysThumbnail_OOD.uasset" 32
"../../../Engine/Content/EditorMaterials/Camera/CineMat.uasset" 33
"../../../Engine/Content/EditorMaterials/Camera/MI_CineMat_Rig.uasset" 34
"../../../Engine/Content/EditorMeshes/Camera/SM_CraneRig_Arm.uasset" 35
"../../../Engine/Content/EditorMeshes/Camera/SM_CraneRig_Base.uasset" 36
"../../../Engine/Content/EditorMeshes/Camera/SM_CraneRig_Body.uasset" 37
"../../../Engine/Content/EditorMeshes/Camera/SM_CraneRig_Mount.uasset" 38
"../../../Engine/Content/EditorMeshes/Camera/SM_RailRig_Mount.uasset" 39
"../../../Engine/Content/EditorMeshes/Camera/SM_RailRig_Track.uasset" 40
"../../../Engine/Content/EditorResources/BSPVertex.uasset" 41
"../../../Engine/Content/EditorResources/EmptyActor.uasset" 42
"../../../Engine/Content/EditorResources/S_Actor.uasset" 43
"../../../Engine/Content/EditorResources/S_Note.uasset" 44
"../../../Engine/Content/EditorResources/S_Solver.uasset" 45
"../../../Engine/Content/EditorResources/S_Terrain.uasset" 46
"../../../Engine/Content/EditorResources/S_Trigger.uasset" 47
"../../../Engine/Content/EditorResources/LightIcons/S_LightError.uasset" 48
"../../../Engine/Content/EditorResources/SequenceRecorder/Countdown.uasset" 49
"../../../Engine/Content/EditorResources/SequenceRecorder/RecordingIndicator.uasset" 50
"../../../Engine/Content/EngineDamageTypes/DmgTypeBP_Environmental.uasset" 51
"../../../Engine/Content/EngineDebugMaterials/DebugEditorMaterial.uasset" 52
"../../../Engine/Content/EngineDebugMaterials/DebugMeshMaterial.uasset" 53
"../../../Engine/Content/EngineDebugMaterials/M_SimpleUnlitTranslucent.uasset" 54
"../../../Engine/Content/EngineDebugMaterials/VolumeToRender.uasset" 55
"../../../Engine/Content/Functions/Engine_MaterialFunctions02/Utility/CameraDirectionVector.uasset" 56
"../../../Engine/Content/EngineDebugMaterials/M_VolumeRenderSphereTracePP.uasset" 57
"../../../Engine/Content/Functions/Engine_MaterialFunctions01/Shading/ConvertFromDiffSpec.uasset" 58
"../../../Engine/Content/EngineDebugMaterials/VertexColorMaterial.uasset" 59
"../../../Engine/Content/EngineDebugMaterials/WireframeMaterial.uasset" 60
"../../../Engine/Content/EngineFonts/Faces/RobotoRegular.uasset" 61
"../../../Engine/Content/EngineFonts/Faces/RobotoLight.uasset" 62
"../../../Engine/Content/EngineFonts/Faces/RobotoItalic.uasset" 63
"../../../Engine/Content/EngineFonts/Faces/RobotoBoldItalic.uasset" 64
"../../../Engine/Content/EngineFonts/Faces/RobotoBold.uasset" 65
"../../../Engine/Content/EngineFonts/Faces/DroidSansFallback.uasset" 66
"../../../Engine/Content/EngineFonts/Roboto.uasset" 67
"../../../Engine/Content/EngineMaterials/BaseFlattenNormalMap.uasset" 68
"../../../Engine/Content/EngineMaterials/BaseFlattenGrayscaleMap.uasset" 69
"../../../Engine/Content/EngineMaterials/BaseFlattenEmissiveMap.uasset" 70
"../../../Engine/Content/EngineMaterials/BaseFlattenDiffuseMap.uasset" 71
"../../../Engine/Content/EngineMaterials/BaseFlattenMaterial.uasset" 72
"../../../Engine/Content/EngineMaterials/BlueNoise.uasset" 73
"../../../Engine/Content/EngineMaterials/DefaultBloomKernel.uasset" 74
"../../../Engine/Content/EngineMaterials/DefaultBokeh.uasset" 75
"../../../Engine/Content/EngineMaterials/DefaultDiffuse.uasset" 76
"../../../Engine/Content/EngineMaterials/DefaultDeferredDecalMaterial.uasset" 77
"../../../Engine/Content/EngineMaterials/DefaultLightFunctionMaterial.uasset" 78
"../../../Engine/Content/EngineMaterials/DefaultPhysicalMaterial.uasset" 79
"../../../Engine/Content/Functions/Engine_MaterialFunctions02/Utility/BreakOutFloat2Components.uasset" 80
"../../../Engine/Content/EngineMaterials/DefaultPostProcessMaterial.uasset" 81
"../../../Engine/Content/EngineFonts/RobotoDistanceField.uasset" 82
"../../../Engine/Content/EngineMaterials/DefaultTextMaterialOpaque.uasset" 83
"../../../Engine/Content/EngineMaterials/DefaultWhiteGrid.uasset" 84
"../../../Engine/Content/EngineMaterials/DefaultWhiteGrid_Low.uasset" 85
"../../../Engine/Content/EngineMaterials/EmissiveMeshMaterial.uasset" 86
"../../../Engine/Content/EngineMaterials/GizmoMaterial.uasset" 87
"../../../Engine/Content/EngineMaterials/Good64x64TilingNoiseHighFreq.uasset" 88
"../../../Engine/Content/EngineMaterials/MiniFont.uasset" 89
"../../../Engine/Content/EngineMaterials/InvalidLightmapSettings.uasset" 90
"../../../Engine/Content/EngineMaterials/M_InvalidLightmapSettings.uasset" 91
"../../../Engine/Content/Functions/Engine_MaterialFunctions02/WorldPositionOffset/CameraOffset.uasset" 92
"../../../Engine/Content/EngineMaterials/PhAT_JointLimitMaterial.uasset" 93
"../../../Engine/Content/EngineMaterials/PreintegratedSkinBRDF.uasset" 94
"../../../Engine/Content/EngineMaterials/RemoveSurfaceMaterial.uasset" 95
"../../../Engine/Content/EngineMaterials/WeightMapPlaceholderTexture.uasset" 96
"../../../Engine/Content/EngineResources/WhiteSquareTexture.uasset" 97
"../../../Engine/Content/EngineMaterials/Widget3DPassThrough.uasset" 98
"../../../Engine/Content/EngineMaterials/Widget3DPassThrough_Masked.uasset" 99
"../../../Engine/Content/EngineMaterials/Widget3DPassThrough_Opaque.uasset" 100
"../../../Engine/Content/EngineMaterials/Widget3DPassThrough_Masked_OneSided.uasset" 101
"../../../Engine/Content/EngineMaterials/Widget3DPassThrough_Opaque_OneSided.uasset" 102
"../../../Engine/Content/EngineMaterials/Widget3DPassThrough_Translucent.uasset" 103
"../../../Engine/Content/EngineMaterials/Widget3DPassThrough_Translucent_OneSided.uasset" 104
"../../../Engine/Content/EngineMeshes/Cylinder.uasset" 105
"../../../Engine/Content/EngineMeshes/Sphere.uasset" 106
"../../../Engine/Content/EngineResources/Black.uasset" 107
"../../../Engine/Content/EngineResources/DefaultTextureCube.uasset" 108
"../../../Engine/Content/EngineResources/DefaultVolumeTexture2D.uasset" 109
"../../../Engine/Content/EngineResources/DefaultVolumeTexture.uasset" 110
"../../../Engine/Content/EngineResources/GradientTexture0.uasset" 111
"../../../Engine/Content/EngineSky/VolumetricClouds/T_NoiseShape64.uasset" 112
"../../../Engine/Content/EngineSky/VolumetricClouds/T_VolumeNoiseShape64.uasset" 113
"../../../Engine/Content/EngineSky/VolumetricClouds/T_NoiseErosion.uasset" 114
"../../../Engine/Content/EngineSky/VolumetricClouds/T_VolumeNoiseErosion32.uasset" 115
"../../../Engine/Content/EngineSky/VolumetricClouds/CloudWeatherTexture.uasset" 116
"../../../Engine/Content/EngineSky/VolumetricClouds/CloudGradientTexture.uasset" 117
"../../../Engine/Content/Functions/Engine_MaterialFunctions02/Utility/MakeFloat2.uasset" 118
"../../../Engine/Content/EngineSky/VolumetricClouds/m_SimpleVolumetricCloud.uasset" 119
"../../../Engine/Content/EngineSky/VolumetricClouds/m_SimpleVolumetricCloud_Inst.uasset" 120
"../../../Engine/Content/EngineSounds/Master.uasset" 121
"../../../Engine/Content/Functions/Engine_MaterialFunctions01/Shading/PowerToRoughness.uasset" 122
"../../../Engine/Content/Maps/Templates/Thumbnails/Default.uasset" 123
"../../../Engine/Content/Maps/Templates/Thumbnails/TimeOfDay.uasset" 124
"../../../Engine/Content/Maps/Templates/Thumbnails/VR-Basic.uasset" 125
"../../../Engine/Content/MobileResources/T_MobileControls_texture.uasset" 126
"../../../Engine/Content/MobileResources/T_MobileMenu2.uasset" 127
"../../../Engine/Content/MobileResources/HUD/AnalogHat.uasset" 128
"../../../Engine/Content/MobileResources/HUD/VirtualJoystick_Thumb.uasset" 129
"../../../Engine/Content/MobileResources/HUD/VirtualJoystick_Background.uasset" 130
"../../../Engine/Content/MobileResources/HUD/DefaultVirtualJoysticks.uasset" 131
"../../../Engine/Content/MobileResources/HUD/LeftVirtualJoystickOnly.uasset" 132
"../../../Engine/Content/MobileResources/HUD/MobileHUDButton1_off.uasset" 133
"../../../Engine/Content/MobileResources/HUD/MobileHUDButton1_on.uasset" 134
"../../../Engine/Content/MobileResources/HUD/MobileHUDButton2_off.uasset" 135
"../../../Engine/Content/MobileResources/HUD/MobileHUDButton2_on.uasset" 136
"../../../Engine/Content/MobileResources/HUD/MobileHUDButton3.uasset" 137
"../../../Engine/Content/MobileResources/HUD/MobileHUDButtonFire.uasset" 138
"../../../Engine/Content/MobileResources/HUD/MobileHUDDirectionPad.uasset" 139
"../../../Engine/Content/MobileResources/HUD/MobileHUDDirectionPad2.uasset" 140
"../../../Engine/Content/MobileResources/HUD/MobileHUDDirectionPad3.uasset" 141
"../../../Engine/Content/MobileResources/HUD/MobileHUDDirectionStick.uasset" 142
"../../../Engine/Content/MobileResources/HUD/T_Castle_ThumbstickInner.uasset" 143
"../../../Engine/Content/MobileResources/HUD/T_Castle_ThumbstickOutter.uasset" 144
"../../../Engine/Content/Tutorial/ContentIntroCurve.uasset" 145
"../../../Engine/Content/Tutorial/Basics/LevelEditorAttract.uasset" 146
"../../../Engine/Content/Tutorial/Basics/TutorialAssets/icon_tab_Levels_40x.uasset" 147
"../../../Engine/Content/Tutorial/Basics/LevelEditorOverview.uasset" 148
"../../../Engine/Content/Tutorial/Installation/InstallingVisualStudioTutorial.uasset" 149
"../../../Engine/Content/VREditor/TransformGizmo/TranslucentTransformGizmoMaterial.uasset" 150
"../../../Engine/Content/VREditor/LaserPointer/VR_LaserPower_01.uasset" 151
"../../../Engine/Content/VREditor/TransformGizmo/TransformGizmoMaterial.uasset" 152
"../../../Engine/Content/VREditor/TransformGizmo/BoundingBoxCorner.uasset" 153
"../../../Engine/Content/VREditor/TransformGizmo/BoundingBoxEdge.uasset" 154
"../../../Engine/Content/VREditor/TransformGizmo/PlaneTranslationHandle.uasset" 155
"../../../Engine/Content/VREditor/TransformGizmo/Xray.uasset" 156
"../../../Engine/Content/VREditor/TransformGizmo/Main.uasset" 157
"../../../Engine/Content/VREditor/TransformGizmo/SM_Sequencer_Key.uasset" 158
"../../../Engine/Content/VREditor/TransformGizmo/SM_Sequencer_Node.uasset" 159
"../../Plugins/2D/Paper2D/Content/PlaceholderTextures/DummySpriteTexture.uasset" 160
"../../Plugins/2D/Paper2D/Content/DummySprite.uasset" 161
"../../Plugins/2D/Paper2D/Content/DefaultPaperTerrainMaterial.uasset" 162
"../../Plugins/2D/Paper2D/Content/DefaultSpriteMaterial.uasset" 163
"../../Plugins/2D/Paper2D/Content/MaskedUnlitSpriteMaterial.uasset" 164
"../../Plugins/2D/Paper2D/Content/OpaqueUnlitSpriteMaterial.uasset" 165
"../../../Engine/Content/Functions/Engine_MaterialFunctions02/Utility/BreakOutFloat3Components.uasset" 166
"../../Plugins/Editor/SpeedTreeImporter/Content/SpeedTree9/UnpackInteger3.uasset" 167
"../../Plugins/Editor/SpeedTreeImporter/Content/SpeedTree9/UnpackDirection.uasset" 168
"../../Plugins/Editor/SpeedTreeImporter/Content/SpeedTree9/game_wind_noise.uasset" 169
"../../../Engine/Content/Functions/Engine_MaterialFunctions02/SafeNormalize.uasset" 170
"../../Plugins/Editor/SpeedTreeImporter/Content/SpeedTree9/SpeedTreeWindMotion.uasset" 171
"../../Plugins/Editor/SpeedTreeImporter/Content/SpeedTree9/SpeedTreeBranchMotion.uasset" 172
"../../../Engine/Content/Functions/Engine_MaterialFunctions02/ObjectLocalBounds.uasset" 173
"../../../Engine/Content/Functions/Engine_MaterialFunctions02/UVs/BoundingBoxBased_0-1_UVW.uasset" 174
"../../Plugins/Editor/SpeedTreeImporter/Content/SpeedTree9/SpeedTreeWind.uasset" 175
"../../Plugins/Editor/SpeedTreeImporter/Content/SpeedTree9/SpeedTreeBillboard.uasset" 176
"../../../Engine/Content/EngineResources/DefaultTexture.uasset" 177
"../../Plugins/Editor/SpeedTreeImporter/Content/SpeedTree9/SpeedTreeBillboardMaster.uasset" 178
"../../Plugins/Editor/SpeedTreeImporter/Content/SpeedTree9/SpeedTreeCameraFacing.uasset" 179
"../../Plugins/Editor/SpeedTreeImporter/Content/SpeedTree9/SpeedTreeMaster.uasset" 180
"../../../Engine/Content/ArtTools/RenderToTexture/Materials/Debug/M_Emissive_Color.uasset" 181
"../../../Engine/Content/BasicShapes/Cylinder.uasset" 182
"../../Plugins/Lumin/MagicLeapPassableWorld/Content/MagicLeapARPinInfoActor.uasset" 183
"../../../Engine/Content/Functions/Engine_MaterialFunctions02/Utility/BreakOutFloat4Components.uasset" 184
"../../../Engine/Content/Functions/Engine_MaterialFunctions02/Utility/MakeFloat3.uasset" 185
"../../Plugins/Runtime/Oculus/OculusVR/Content/Materials/OculusMR_ChromaKey.uasset" 186
"../../Plugins/Runtime/Oculus/OculusVR/Content/Materials/OculusMR_OpaqueColoredMaterial.uasset" 187
"../../Plugins/Runtime/Oculus/OculusVR/Content/Materials/PokeAHoleMaterial.uasset" 188
"C:/Users/eduar/Documents/Unreal Projects/IvanHelsink/Content/Level_1/Textures/BackGround/taylor-van-riper-yQorCngxzwI-unsplash.uasset" 189
"C:/Users/eduar/Documents/Unreal Projects/IvanHelsink/Content/Level_1/Textures/BackGround/taylor-van-riper-yQorCngxzwI-unsplash_Sprite.uasset" 190
"../../../Engine/Content/MapTemplates/SM_Template_Map_Floor.uasset" 191
"../../../Engine/Content/EngineSky/T_Sky_Stars.uasset" 192
"../../../Engine/Content/EngineSky/T_Sky_Clouds_M.uasset" 193
"../../../Engine/Content/EngineSky/T_Sky_Blue.uasset" 194
"C:/Users/eduar/Documents/Unreal Projects/IvanHelsink/Content/Level_1/Textures/BackGround/Desert_N.uasset" 195
"C:/Users/eduar/Documents/Unreal Projects/IvanHelsink/Content/Level_1/Textures/BackGround/Desert.uasset" 196
"C:/Users/eduar/Documents/Unreal Projects/IvanHelsink/Content/Level_1/Materiales/M_Floor.uasset" 197
"../../../Engine/Content/EngineSky/M_Sky_Panning_Clouds2.uasset" 198
"C:/Users/eduar/Documents/Unreal Projects/IvanHelsink/Content/Maps/Level_1_BuiltData.uasset" 199
"C:/Users/eduar/Documents/Unreal Projects/IvanHelsink/Content/Level_1/Textures/Arrow/Bolt6.uasset" 200
"../../Plugins/2D/Paper2D/Content/TranslucentUnlitSpriteMaterial.uasset" 201
"C:/Users/eduar/Documents/Unreal Projects/IvanHelsink/Content/Level_1/Textures/Arrow/Bolt6_Sprite.uasset" 202
"C:/Users/eduar/Documents/Unreal Projects/IvanHelsink/Content/Level_1/Textures/Arrow/Bolt5.uasset" 203
"C:/Users/eduar/Documents/Unreal Projects/IvanHelsink/Content/Level_1/Textures/Arrow/Bolt5_Sprite.uasset" 204
"C:/Users/eduar/Documents/Unreal Projects/IvanHelsink/Content/Level_1/Textures/Arrow/Bolt4.uasset" 205
"C:/Users/eduar/Documents/Unreal Projects/IvanHelsink/Content/Level_1/Textures/Arrow/Bolt4_Sprite.uasset" 206
"C:/Users/eduar/Documents/Unreal Projects/IvanHelsink/Content/Level_1/Textures/Arrow/Bolt3.uasset" 207
"C:/Users/eduar/Documents/Unreal Projects/IvanHelsink/Content/Level_1/Textures/Arrow/Bolt3_Sprite.uasset" 208
"C:/Users/eduar/Documents/Unreal Projects/IvanHelsink/Content/Level_1/Textures/Arrow/Bolt2.uasset" 209
"C:/Users/eduar/Documents/Unreal Projects/IvanHelsink/Content/Level_1/Textures/Arrow/Bolt2_Sprite.uasset" 210
"C:/Users/eduar/Documents/Unreal Projects/IvanHelsink/Content/Level_1/Textures/Arrow/Bolt1.uasset" 211
"C:/Users/eduar/Documents/Unreal Projects/IvanHelsink/Content/Level_1/Textures/Arrow/Bolt1_Sprite.uasset" 212
"C:/Users/eduar/Documents/Unreal Projects/IvanHelsink/Content/Level_1/FlipBooks/Arrow.uasset" 213
"C:/Users/eduar/Documents/Unreal Projects/IvanHelsink/Content/Level_1/Actors/Arrow.uasset" 214
"C:/Users/eduar/Documents/Unreal Projects/IvanHelsink/Content/Level_1/Actors/KillWall.uasset" 215
"C:/Users/eduar/Documents/Unreal Projects/IvanHelsink/Content/Level_1/Textures/Ivan/Shoot/Angel9.uasset" 216
"C:/Users/eduar/Documents/Unreal Projects/IvanHelsink/Content/Level_1/Textures/Ivan/Shoot/Angel9_Sprite.uasset" 217
"C:/Users/eduar/Documents/Unreal Projects/IvanHelsink/Content/Level_1/Textures/Ivan/Shoot/Angel8.uasset" 218
"C:/Users/eduar/Documents/Unreal Projects/IvanHelsink/Content/Level_1/Textures/Ivan/Shoot/Angel8_Sprite.uasset" 219
"C:/Users/eduar/Documents/Unreal Projects/IvanHelsink/Content/Level_1/Textures/Ivan/Shoot/Angel7.uasset" 220
"C:/Users/eduar/Documents/Unreal Projects/IvanHelsink/Content/Level_1/Textures/Ivan/Shoot/Angel7_Sprite.uasset" 221
"C:/Users/eduar/Documents/Unreal Projects/IvanHelsink/Content/Level_1/Textures/Ivan/Shoot/Angel6.uasset" 222
"C:/Users/eduar/Documents/Unreal Projects/IvanHelsink/Content/Level_1/Textures/Ivan/Shoot/Angel6_Sprite.uasset" 223
"C:/Users/eduar/Documents/Unreal Projects/IvanHelsink/Content/Level_1/Textures/Ivan/Shoot/Angel5.uasset" 224
"C:/Users/eduar/Documents/Unreal Projects/IvanHelsink/Content/Level_1/Textures/Ivan/Shoot/Angel5_Sprite.uasset" 225
"C:/Users/eduar/Documents/Unreal Projects/IvanHelsink/Content/Level_1/Textures/Ivan/Shoot/Angel4.uasset" 226
"C:/Users/eduar/Documents/Unreal Projects/IvanHelsink/Content/Level_1/Textures/Ivan/Shoot/Angel4_Sprite.uasset" 227
"C:/Users/eduar/Documents/Unreal Projects/IvanHelsink/Content/Level_1/Textures/Ivan/Shoot/Angel3.uasset" 228
"C:/Users/eduar/Documents/Unreal Projects/IvanHelsink/Content/Level_1/Textures/Ivan/Shoot/Angel3_Sprite.uasset" 229
"C:/Users/eduar/Documents/Unreal Projects/IvanHelsink/Content/Level_1/Textures/Ivan/Shoot/Angel2.uasset" 230
"C:/Users/eduar/Documents/Unreal Projects/IvanHelsink/Content/Level_1/Textures/Ivan/Shoot/Angel2_Sprite.uasset" 231
"C:/Users/eduar/Documents/Unreal Projects/IvanHelsink/Content/Level_1/Textures/Ivan/Shoot/Angel1.uasset" 232
"C:/Users/eduar/Documents/Unreal Projects/IvanHelsink/Content/Level_1/Textures/Ivan/Shoot/Angel1_Sprite.uasset" 233
"C:/Users/eduar/Documents/Unreal Projects/IvanHelsink/Content/Level_1/FlipBooks/Ivan_Shoot.uasset" 234
"C:/Users/eduar/Documents/Unreal Projects/IvanHelsink/Content/Level_1/Textures/Ivan/Stand/Angel4.uasset" 235
"C:/Users/eduar/Documents/Unreal Projects/IvanHelsink/Content/Level_1/Textures/Ivan/Stand/Angel4_Sprite.uasset" 236
"C:/Users/eduar/Documents/Unreal Projects/IvanHelsink/Content/Level_1/Textures/Ivan/Stand/Angel3.uasset" 237
"C:/Users/eduar/Documents/Unreal Projects/IvanHelsink/Content/Level_1/Textures/Ivan/Stand/Angel3_Sprite.uasset" 238
"C:/Users/eduar/Documents/Unreal Projects/IvanHelsink/Content/Level_1/Textures/Ivan/Stand/Angel2.uasset" 239
"C:/Users/eduar/Documents/Unreal Projects/IvanHelsink/Content/Level_1/Textures/Ivan/Stand/Angel2_Sprite.uasset" 240
"C:/Users/eduar/Documents/Unreal Projects/IvanHelsink/Content/Level_1/Textures/Ivan/Stand/Angel1.uasset" 241
"C:/Users/eduar/Documents/Unreal Projects/IvanHelsink/Content/Level_1/Textures/Ivan/Stand/Angel1_Sprite.uasset" 242
"C:/Users/eduar/Documents/Unreal Projects/IvanHelsink/Content/Level_1/FlipBooks/Ivan_Stand.uasset" 243
"C:/Users/eduar/Documents/Unreal Projects/IvanHelsink/Content/Level_1/Blueprints/Save_Data.uasset" 244
"C:/Users/eduar/Documents/Unreal Projects/IvanHelsink/Content/Level_1/Character/Ivan.uasset" 245
"C:/Users/eduar/Documents/Unreal Projects/IvanHelsink/Content/Level_1/Textures/Devil/Demon8.uasset" 246
"C:/Users/eduar/Documents/Unreal Projects/IvanHelsink/Content/Level_1/Textures/Devil/Demon8_Sprite.uasset" 247
"C:/Users/eduar/Documents/Unreal Projects/IvanHelsink/Content/Level_1/Textures/Devil/Demon7.uasset" 248
"C:/Users/eduar/Documents/Unreal Projects/IvanHelsink/Content/Level_1/Textures/Devil/Demon7_Sprite.uasset" 249
"C:/Users/eduar/Documents/Unreal Projects/IvanHelsink/Content/Level_1/Textures/Devil/Demon6.uasset" 250
"C:/Users/eduar/Documents/Unreal Projects/IvanHelsink/Content/Level_1/Textures/Devil/Demon6_Sprite.uasset" 251
"C:/Users/eduar/Documents/Unreal Projects/IvanHelsink/Content/Level_1/Textures/Devil/Demon5.uasset" 252
"C:/Users/eduar/Documents/Unreal Projects/IvanHelsink/Content/Level_1/Textures/Devil/Demon5_Sprite.uasset" 253
"C:/Users/eduar/Documents/Unreal Projects/IvanHelsink/Content/Level_1/Textures/Devil/Demon4.uasset" 254
"C:/Users/eduar/Documents/Unreal Projects/IvanHelsink/Content/Level_1/Textures/Devil/Demon4_Sprite.uasset" 255
"C:/Users/eduar/Documents/Unreal Projects/IvanHelsink/Content/Level_1/Textures/Devil/Demon3.uasset" 256
"C:/Users/eduar/Documents/Unreal Projects/IvanHelsink/Content/Level_1/Textures/Devil/Demon3_Sprite.uasset" 257
"C:/Users/eduar/Documents/Unreal Projects/IvanHelsink/Content/Level_1/Textures/Devil/Demon2.uasset" 258
"C:/Users/eduar/Documents/Unreal Projects/IvanHelsink/Content/Level_1/Textures/Devil/Demon2_Sprite.uasset" 259
"C:/Users/eduar/Documents/Unreal Projects/IvanHelsink/Content/Level_1/Textures/Devil/Demon1.uasset" 260
"C:/Users/eduar/Documents/Unreal Projects/IvanHelsink/Content/Level_1/Textures/Devil/Demon1_Sprite.uasset" 261
"C:/Users/eduar/Documents/Unreal Projects/IvanHelsink/Content/Level_1/FlipBooks/Demon.uasset" 262
"C:/Users/eduar/Documents/Unreal Projects/IvanHelsink/Content/Level_1/Textures/Angel/Angel9.uasset" 263
"C:/Users/eduar/Documents/Unreal Projects/IvanHelsink/Content/Level_1/Textures/Angel/Angel9_Sprite.uasset" 264
"C:/Users/eduar/Documents/Unreal Projects/IvanHelsink/Content/Level_1/Textures/Angel/Angel8.uasset" 265
"C:/Users/eduar/Documents/Unreal Projects/IvanHelsink/Content/Level_1/Textures/Angel/Angel8_Sprite.uasset" 266
"C:/Users/eduar/Documents/Unreal Projects/IvanHelsink/Content/Level_1/Textures/Angel/Angel7.uasset" 267
"C:/Users/eduar/Documents/Unreal Projects/IvanHelsink/Content/Level_1/Textures/Angel/Angel7_Sprite.uasset" 268
"C:/Users/eduar/Documents/Unreal Projects/IvanHelsink/Content/Level_1/Textures/Angel/Angel6.uasset" 269
"C:/Users/eduar/Documents/Unreal Projects/IvanHelsink/Content/Level_1/Textures/Angel/Angel6_Sprite.uasset" 270
"C:/Users/eduar/Documents/Unreal Projects/IvanHelsink/Content/Level_1/Textures/Angel/Angel5.uasset" 271
"C:/Users/eduar/Documents/Unreal Projects/IvanHelsink/Content/Level_1/Textures/Angel/Angel5_Sprite.uasset" 272
"C:/Users/eduar/Documents/Unreal Projects/IvanHelsink/Content/Level_1/Textures/Angel/Angel4.uasset" 273
"C:/Users/eduar/Documents/Unreal Projects/IvanHelsink/Content/Level_1/Textures/Angel/Angel4_Sprite.uasset" 274
"C:/Users/eduar/Documents/Unreal Projects/IvanHelsink/Content/Level_1/Textures/Angel/Angel3.uasset" 275
"C:/Users/eduar/Documents/Unreal Projects/IvanHelsink/Content/Level_1/Textures/Angel/Angel3_Sprite.uasset" 276
"C:/Users/eduar/Documents/Unreal Projects/IvanHelsink/Content/Level_1/Textures/Angel/Angel2.uasset" 277
"C:/Users/eduar/Documents/Unreal Projects/IvanHelsink/Content/Level_1/Textures/Angel/Angel2_Sprite.uasset" 278
"C:/Users/eduar/Documents/Unreal Projects/IvanHelsink/Content/Level_1/Textures/Angel/Angel1.uasset" 279
"C:/Users/eduar/Documents/Unreal Projects/IvanHelsink/Content/Level_1/Textures/Angel/Angel1_Sprite.uasset" 280
"C:/Users/eduar/Documents/Unreal Projects/IvanHelsink/Content/Level_1/Textures/Angel/Angel14.uasset" 281
"C:/Users/eduar/Documents/Unreal Projects/IvanHelsink/Content/Level_1/Textures/Angel/Angel14_Sprite.uasset" 282
"C:/Users/eduar/Documents/Unreal Projects/IvanHelsink/Content/Level_1/Textures/Angel/Angel13.uasset" 283
"C:/Users/eduar/Documents/Unreal Projects/IvanHelsink/Content/Level_1/Textures/Angel/Angel13_Sprite.uasset" 284
"C:/Users/eduar/Documents/Unreal Projects/IvanHelsink/Content/Level_1/Textures/Angel/Angel12.uasset" 285
"C:/Users/eduar/Documents/Unreal Projects/IvanHelsink/Content/Level_1/Textures/Angel/Angel12_Sprite.uasset" 286
"C:/Users/eduar/Documents/Unreal Projects/IvanHelsink/Content/Level_1/Textures/Angel/Angel11.uasset" 287
"C:/Users/eduar/Documents/Unreal Projects/IvanHelsink/Content/Level_1/Textures/Angel/Angel11_Sprite.uasset" 288
"C:/Users/eduar/Documents/Unreal Projects/IvanHelsink/Content/Level_1/Textures/Angel/Angel10.uasset" 289
"C:/Users/eduar/Documents/Unreal Projects/IvanHelsink/Content/Level_1/Textures/Angel/Angel10_Sprite.uasset" 290
"C:/Users/eduar/Documents/Unreal Projects/IvanHelsink/Content/Level_1/FlipBooks/Angel.uasset" 291
"../../../Engine/Content/EditorBlueprintResources/StandardMacros.uasset" 292
"C:/Users/eduar/Documents/Unreal Projects/IvanHelsink/Content/Level_1/Textures/Transformations/Demon_Angel/Demon-Angel9.uasset" 293
"C:/Users/eduar/Documents/Unreal Projects/IvanHelsink/Content/Level_1/Textures/Transformations/Demon_Angel/Demon-Angel9_Sprite.uasset" 294
"C:/Users/eduar/Documents/Unreal Projects/IvanHelsink/Content/Level_1/Textures/Transformations/Demon_Angel/Demon-Angel8.uasset" 295
"C:/Users/eduar/Documents/Unreal Projects/IvanHelsink/Content/Level_1/Textures/Transformations/Demon_Angel/Demon-Angel8_Sprite.uasset" 296
"C:/Users/eduar/Documents/Unreal Projects/IvanHelsink/Content/Level_1/Textures/Transformations/Demon_Angel/Demon-Angel7.uasset" 297
"C:/Users/eduar/Documents/Unreal Projects/IvanHelsink/Content/Level_1/Textures/Transformations/Demon_Angel/Demon-Angel7_Sprite.uasset" 298
"C:/Users/eduar/Documents/Unreal Projects/IvanHelsink/Content/Level_1/Textures/Transformations/Demon_Angel/Demon-Angel6.uasset" 299
"C:/Users/eduar/Documents/Unreal Projects/IvanHelsink/Content/Level_1/Textures/Transformations/Demon_Angel/Demon-Angel6_Sprite.uasset" 300
"C:/Users/eduar/Documents/Unreal Projects/IvanHelsink/Content/Level_1/Textures/Transformations/Demon_Angel/Demon-Angel5.uasset" 301
"C:/Users/eduar/Documents/Unreal Projects/IvanHelsink/Content/Level_1/Textures/Transformations/Demon_Angel/Demon-Angel5_Sprite.uasset" 302
"C:/Users/eduar/Documents/Unreal Projects/IvanHelsink/Content/Level_1/Textures/Transformations/Demon_Angel/Demon-Angel4.uasset" 303
"C:/Users/eduar/Documents/Unreal Projects/IvanHelsink/Content/Level_1/Textures/Transformations/Demon_Angel/Demon-Angel4_Sprite.uasset" 304
"C:/Users/eduar/Documents/Unreal Projects/IvanHelsink/Content/Level_1/Textures/Transformations/Demon_Angel/Demon-Angel3.uasset" 305
"C:/Users/eduar/Documents/Unreal Projects/IvanHelsink/Content/Level_1/Textures/Transformations/Demon_Angel/Demon-Angel3_Sprite.uasset" 306
"C:/Users/eduar/Documents/Unreal Projects/IvanHelsink/Content/Level_1/Textures/Transformations/Demon_Angel/Demon-Angel2.uasset" 307
"C:/Users/eduar/Documents/Unreal Projects/IvanHelsink/Content/Level_1/Textures/Transformations/Demon_Angel/Demon-Angel2_Sprite.uasset" 308
"C:/Users/eduar/Documents/Unreal Projects/IvanHelsink/Content/Level_1/Textures/Transformations/Demon_Angel/Demon-Angel1.uasset" 309
"C:/Users/eduar/Documents/Unreal Projects/IvanHelsink/Content/Level_1/Textures/Transformations/Demon_Angel/Demon-Angel1_Sprite.uasset" 310
"C:/Users/eduar/Documents/Unreal Projects/IvanHelsink/Content/Level_1/Textures/Transformations/Demon_Angel/Demon-Angel12.uasset" 311
"C:/Users/eduar/Documents/Unreal Projects/IvanHelsink/Content/Level_1/Textures/Transformations/Demon_Angel/Demon-Angel12_Sprite.uasset" 312
"C:/Users/eduar/Documents/Unreal Projects/IvanHelsink/Content/Level_1/Textures/Transformations/Demon_Angel/Demon-Angel11.uasset" 313
"C:/Users/eduar/Documents/Unreal Projects/IvanHelsink/Content/Level_1/Textures/Transformations/Demon_Angel/Demon-Angel11_Sprite.uasset" 314
"C:/Users/eduar/Documents/Unreal Projects/IvanHelsink/Content/Level_1/Textures/Transformations/Demon_Angel/Demon-Angel10.uasset" 315
"C:/Users/eduar/Documents/Unreal Projects/IvanHelsink/Content/Level_1/Textures/Transformations/Demon_Angel/Demon-Angel10_Sprite.uasset" 316
"C:/Users/eduar/Documents/Unreal Projects/IvanHelsink/Content/Level_1/FlipBooks/Demon-Angel.uasset" 317
"C:/Users/eduar/Documents/Unreal Projects/IvanHelsink/Content/Level_1/Textures/Transformations/Angel_Demon/Angel-Demon9.uasset" 318
"C:/Users/eduar/Documents/Unreal Projects/IvanHelsink/Content/Level_1/Textures/Transformations/Angel_Demon/Angel-Demon9_Sprite.uasset" 319
"C:/Users/eduar/Documents/Unreal Projects/IvanHelsink/Content/Level_1/Textures/Transformations/Angel_Demon/Angel-Demon8.uasset" 320
"C:/Users/eduar/Documents/Unreal Projects/IvanHelsink/Content/Level_1/Textures/Transformations/Angel_Demon/Angel-Demon8_Sprite.uasset" 321
"C:/Users/eduar/Documents/Unreal Projects/IvanHelsink/Content/Level_1/Textures/Transformations/Angel_Demon/Angel-Demon7.uasset" 322
"C:/Users/eduar/Documents/Unreal Projects/IvanHelsink/Content/Level_1/Textures/Transformations/Angel_Demon/Angel-Demon7_Sprite.uasset" 323
"C:/Users/eduar/Documents/Unreal Projects/IvanHelsink/Content/Level_1/Textures/Transformations/Angel_Demon/Angel-Demon6.uasset" 324
"C:/Users/eduar/Documents/Unreal Projects/IvanHelsink/Content/Level_1/Textures/Transformations/Angel_Demon/Angel-Demon6_Sprite.uasset" 325
"C:/Users/eduar/Documents/Unreal Projects/IvanHelsink/Content/Level_1/Textures/Transformations/Angel_Demon/Angel-Demon5.uasset" 326
"C:/Users/eduar/Documents/Unreal Projects/IvanHelsink/Content/Level_1/Textures/Transformations/Angel_Demon/Angel-Demon5_Sprite.uasset" 327
"C:/Users/eduar/Documents/Unreal Projects/IvanHelsink/Content/Level_1/Textures/Transformations/Angel_Demon/Angel-Demon4.uasset" 328
"C:/Users/eduar/Documents/Unreal Projects/IvanHelsink/Content/Level_1/Textures/Transformations/Angel_Demon/Angel-Demon4_Sprite.uasset" 329
"C:/Users/eduar/Documents/Unreal Projects/IvanHelsink/Content/Level_1/Textures/Transformations/Angel_Demon/Angel-Demon3.uasset" 330
"C:/Users/eduar/Documents/Unreal Projects/IvanHelsink/Content/Level_1/Textures/Transformations/Angel_Demon/Angel-Demon3_Sprite.uasset" 331
"C:/Users/eduar/Documents/Unreal Projects/IvanHelsink/Content/Level_1/Textures/Transformations/Angel_Demon/Angel-Demon2.uasset" 332
"C:/Users/eduar/Documents/Unreal Projects/IvanHelsink/Content/Level_1/Textures/Transformations/Angel_Demon/Angel-Demon2_Sprite.uasset" 333
"C:/Users/eduar/Documents/Unreal Projects/IvanHelsink/Content/Level_1/Textures/Transformations/Angel_Demon/Angel-Demon1.uasset" 334
"C:/Users/eduar/Documents/Unreal Projects/IvanHelsink/Content/Level_1/Textures/Transformations/Angel_Demon/Angel-Demon1_Sprite.uasset" 335
"C:/Users/eduar/Documents/Unreal Projects/IvanHelsink/Content/Level_1/Textures/Transformations/Angel_Demon/Angel-Demon12.uasset" 336
"C:/Users/eduar/Documents/Unreal Projects/IvanHelsink/Content/Level_1/Textures/Transformations/Angel_Demon/Angel-Demon12_Sprite.uasset" 337
"C:/Users/eduar/Documents/Unreal Projects/IvanHelsink/Content/Level_1/Textures/Transformations/Angel_Demon/Angel-Demon11.uasset" 338
"C:/Users/eduar/Documents/Unreal Projects/IvanHelsink/Content/Level_1/Textures/Transformations/Angel_Demon/Angel-Demon11_Sprite.uasset" 339
"C:/Users/eduar/Documents/Unreal Projects/IvanHelsink/Content/Level_1/Textures/Transformations/Angel_Demon/Angel-Demon10.uasset" 340
"C:/Users/eduar/Documents/Unreal Projects/IvanHelsink/Content/Level_1/Textures/Transformations/Angel_Demon/Angel-Demon10_Sprite.uasset" 341
"C:/Users/eduar/Documents/Unreal Projects/IvanHelsink/Content/Level_1/FlipBooks/Angel-Demon.uasset" 342
"C:/Users/eduar/Documents/Unreal Projects/IvanHelsink/Content/Level_1/Actors/Devil.uasset" 343
"C:/Users/eduar/Documents/Unreal Projects/IvanHelsink/Content/Level_1/Actors/Angel.uasset" 344
"C:/Users/eduar/Documents/Unreal Projects/IvanHelsink/Content/Level_1/Textures/Ivan/Angel10.uasset" 345
"C:/Users/eduar/Documents/Unreal Projects/IvanHelsink/Content/Level_1/Textures/Ivan/Angel10_Sprite.uasset" 346
"C:/Users/eduar/Documents/Unreal Projects/IvanHelsink/Content/Level_1/Soundes/Win.uasset" 347
"C:/Users/eduar/Documents/Unreal Projects/IvanHelsink/Content/Level_1/Soundes/Loose2__2_.uasset" 348
"C:/Users/eduar/Documents/Unreal Projects/IvanHelsink/Content/Level_1/Textures/Rank/Warrant_Officer_Two.uasset" 349
"C:/Users/eduar/Documents/Unreal Projects/IvanHelsink/Content/Level_1/Textures/Rank/Warrant_Officer_One.uasset" 350
"C:/Users/eduar/Documents/Unreal Projects/IvanHelsink/Content/Level_1/Textures/Rank/staff_sergeant.uasset" 351
"C:/Users/eduar/Documents/Unreal Projects/IvanHelsink/Content/Level_1/Textures/Rank/specialist.uasset" 352
"C:/Users/eduar/Documents/Unreal Projects/IvanHelsink/Content/Level_1/Textures/Rank/Sergeant_Major_of_the_Army.uasset" 353
"C:/Users/eduar/Documents/Unreal Projects/IvanHelsink/Content/Level_1/Textures/Rank/Sergeant_Major.uasset" 354
"C:/Users/eduar/Documents/Unreal Projects/IvanHelsink/Content/Level_1/Textures/Rank/sergeant_1st_class.uasset" 355
"C:/Users/eduar/Documents/Unreal Projects/IvanHelsink/Content/Level_1/Textures/Rank/sergeant.uasset" 356
"C:/Users/eduar/Documents/Unreal Projects/IvanHelsink/Content/Level_1/Textures/Rank/private_1st_class.uasset" 357
"C:/Users/eduar/Documents/Unreal Projects/IvanHelsink/Content/Level_1/Textures/Rank/Private.uasset" 358
"C:/Users/eduar/Documents/Unreal Projects/IvanHelsink/Content/Level_1/Textures/Rank/master_sergant.uasset" 359
"C:/Users/eduar/Documents/Unreal Projects/IvanHelsink/Content/Level_1/Textures/Rank/major_general.uasset" 360
"C:/Users/eduar/Documents/Unreal Projects/IvanHelsink/Content/Level_1/Textures/Rank/major.uasset" 361
"C:/Users/eduar/Documents/Unreal Projects/IvanHelsink/Content/Level_1/Textures/Rank/lieutenant_general.uasset" 362
"C:/Users/eduar/Documents/Unreal Projects/IvanHelsink/Content/Level_1/Textures/Rank/lieutenant-colonel.uasset" 363
"C:/Users/eduar/Documents/Unreal Projects/IvanHelsink/Content/Level_1/Textures/Rank/general_of_the_Army.uasset" 364
"C:/Users/eduar/Documents/Unreal Projects/IvanHelsink/Content/Level_1/Textures/Rank/general.uasset" 365
"C:/Users/eduar/Documents/Unreal Projects/IvanHelsink/Content/Level_1/Textures/Rank/first_sergeant.uasset" 366
"C:/Users/eduar/Documents/Unreal Projects/IvanHelsink/Content/Level_1/Textures/Rank/Corporal.uasset" 367
"C:/Users/eduar/Documents/Unreal Projects/IvanHelsink/Content/Level_1/Textures/Rank/Command_Sergeant_Major.uasset" 368
"C:/Users/eduar/Documents/Unreal Projects/IvanHelsink/Content/Level_1/Textures/Rank/colonel.uasset" 369
"C:/Users/eduar/Documents/Unreal Projects/IvanHelsink/Content/Level_1/Textures/Rank/Chief_Warrant_Officer_Three.uasset" 370
"C:/Users/eduar/Documents/Unreal Projects/IvanHelsink/Content/Level_1/Textures/Rank/Chief_Warrant_Officer_Four.uasset" 371
"C:/Users/eduar/Documents/Unreal Projects/IvanHelsink/Content/Level_1/Textures/Rank/Chief_Warrant_Officer_Five.uasset" 372
"C:/Users/eduar/Documents/Unreal Projects/IvanHelsink/Content/Level_1/Textures/Rank/Captain.uasset" 373
"C:/Users/eduar/Documents/Unreal Projects/IvanHelsink/Content/Level_1/Textures/Rank/brigadier_general.uasset" 374
"C:/Users/eduar/Documents/Unreal Projects/IvanHelsink/Content/Level_1/Textures/Rank/2nd_lieutenant.uasset" 375
"C:/Users/eduar/Documents/Unreal Projects/IvanHelsink/Content/Level_1/Textures/Rank/1st_lieutenant.uasset" 376
"C:/Users/eduar/Documents/Unreal Projects/IvanHelsink/Content/Texture/ChekBoxTrue.uasset" 377
"C:/Users/eduar/Documents/Unreal Projects/IvanHelsink/Content/Texture/ChekBoxFals.uasset" 378
"C:/Users/eduar/Documents/Unreal Projects/IvanHelsink/Content/Level_1/Textures/Bomb/Bomb50.uasset" 379
"C:/Users/eduar/Documents/Unreal Projects/IvanHelsink/Content/Level_1/Textures/Bomb/Bomb40.uasset" 380
"C:/Users/eduar/Documents/Unreal Projects/IvanHelsink/Content/Level_1/Textures/Bomb/Bomb30.uasset" 381
"C:/Users/eduar/Documents/Unreal Projects/IvanHelsink/Content/Level_1/Textures/Bomb/Bomb20.uasset" 382
"C:/Users/eduar/Documents/Unreal Projects/IvanHelsink/Content/Level_1/Textures/Bomb/Bomb127.uasset" 383
"C:/Users/eduar/Documents/Unreal Projects/IvanHelsink/Content/Level_1/Textures/Bomb/Bomb125.uasset" 384
"C:/Users/eduar/Documents/Unreal Projects/IvanHelsink/Content/Level_1/Textures/Bomb/Bomb123.uasset" 385
"C:/Users/eduar/Documents/Unreal Projects/IvanHelsink/Content/Level_1/Textures/Bomb/Bomb120.uasset" 386
"C:/Users/eduar/Documents/Unreal Projects/IvanHelsink/Content/Level_1/Textures/Bomb/Bomb10.uasset" 387
"C:/Users/eduar/Documents/Unreal Projects/IvanHelsink/Content/Level_1/Textures/Bomb/Bomb1.uasset" 388
"C:/Users/eduar/Documents/Unreal Projects/IvanHelsink/Content/Level_1/Soundes/Loose2.uasset" 389
"C:/Users/eduar/Documents/Unreal Projects/IvanHelsink/Content/Level_1/Soundes/Game-Track-3_01.uasset" 390
"C:/Users/eduar/Documents/Unreal Projects/IvanHelsink/Content/Level_1/Widget/UI.uasset" 391
"C:/Users/eduar/Documents/Unreal Projects/IvanHelsink/Content/Level_1/Textures/Bomb/Bomb123_Sprite.uasset" 392
"C:/Users/eduar/Documents/Unreal Projects/IvanHelsink/Content/Level_1/Textures/Bomb/Bomb124.uasset" 393
"C:/Users/eduar/Documents/Unreal Projects/IvanHelsink/Content/Level_1/Textures/Bomb/Bomb124_Sprite.uasset" 394
"C:/Users/eduar/Documents/Unreal Projects/IvanHelsink/Content/Level_1/Textures/Bomb/Bomb125_Sprite.uasset" 395
"C:/Users/eduar/Documents/Unreal Projects/IvanHelsink/Content/Level_1/Textures/Bomb/Bomb126.uasset" 396
"C:/Users/eduar/Documents/Unreal Projects/IvanHelsink/Content/Level_1/Textures/Bomb/Bomb126_Sprite.uasset" 397
"C:/Users/eduar/Documents/Unreal Projects/IvanHelsink/Content/Level_1/Textures/Bomb/Bomb128.uasset" 398
"C:/Users/eduar/Documents/Unreal Projects/IvanHelsink/Content/Level_1/Textures/Bomb/Bomb128_Sprite.uasset" 399
"C:/Users/eduar/Documents/Unreal Projects/IvanHelsink/Content/Level_1/Textures/Bomb/Bomb121.uasset" 400
"C:/Users/eduar/Documents/Unreal Projects/IvanHelsink/Content/Level_1/Textures/Bomb/Bomb121_Sprite.uasset" 401
"C:/Users/eduar/Documents/Unreal Projects/IvanHelsink/Content/Level_1/Textures/Bomb/Bomb122.uasset" 402
"C:/Users/eduar/Documents/Unreal Projects/IvanHelsink/Content/Level_1/Textures/Bomb/Bomb122_Sprite.uasset" 403
"C:/Users/eduar/Documents/Unreal Projects/IvanHelsink/Content/Level_1/Textures/Bomb/Bomb127_Sprite.uasset" 404
"C:/Users/eduar/Documents/Unreal Projects/IvanHelsink/Content/Level_1/FlipBooks/Bomb_Explosion.uasset" 405
"C:/Users/eduar/Documents/Unreal Projects/IvanHelsink/Content/Level_1/Textures/Bomb/Bomb102.uasset" 406
"C:/Users/eduar/Documents/Unreal Projects/IvanHelsink/Content/Level_1/Textures/Bomb/Bomb102_Sprite.uasset" 407
"C:/Users/eduar/Documents/Unreal Projects/IvanHelsink/Content/Level_1/Textures/Bomb/Bomb101.uasset" 408
"C:/Users/eduar/Documents/Unreal Projects/IvanHelsink/Content/Level_1/Textures/Bomb/Bomb101_Sprite.uasset" 409
"C:/Users/eduar/Documents/Unreal Projects/IvanHelsink/Content/Level_1/Textures/Bomb/Bomb100.uasset" 410
"C:/Users/eduar/Documents/Unreal Projects/IvanHelsink/Content/Level_1/Textures/Bomb/Bomb100_Sprite.uasset" 411
"C:/Users/eduar/Documents/Unreal Projects/IvanHelsink/Content/Level_1/Textures/Bomb/Bomb103.uasset" 412
"C:/Users/eduar/Documents/Unreal Projects/IvanHelsink/Content/Level_1/Textures/Bomb/Bomb103_Sprite.uasset" 413
"C:/Users/eduar/Documents/Unreal Projects/IvanHelsink/Content/Level_1/Textures/Bomb/Bomb120_Sprite.uasset" 414
"C:/Users/eduar/Documents/Unreal Projects/IvanHelsink/Content/Level_1/Textures/Bomb/Bomb12.uasset" 415
"C:/Users/eduar/Documents/Unreal Projects/IvanHelsink/Content/Level_1/Textures/Bomb/Bomb12_Sprite.uasset" 416
"C:/Users/eduar/Documents/Unreal Projects/IvanHelsink/Content/Level_1/Textures/Bomb/Bomb13.uasset" 417
"C:/Users/eduar/Documents/Unreal Projects/IvanHelsink/Content/Level_1/Textures/Bomb/Bomb13_Sprite.uasset" 418
"C:/Users/eduar/Documents/Unreal Projects/IvanHelsink/Content/Level_1/Textures/Bomb/Bomb14.uasset" 419
"C:/Users/eduar/Documents/Unreal Projects/IvanHelsink/Content/Level_1/Textures/Bomb/Bomb14_Sprite.uasset" 420
"C:/Users/eduar/Documents/Unreal Projects/IvanHelsink/Content/Level_1/Textures/Bomb/Bomb107.uasset" 421
"C:/Users/eduar/Documents/Unreal Projects/IvanHelsink/Content/Level_1/Textures/Bomb/Bomb107_Sprite.uasset" 422
"C:/Users/eduar/Documents/Unreal Projects/IvanHelsink/Content/Level_1/Textures/Bomb/Bomb108.uasset" 423
"C:/Users/eduar/Documents/Unreal Projects/IvanHelsink/Content/Level_1/Textures/Bomb/Bomb108_Sprite.uasset" 424
"C:/Users/eduar/Documents/Unreal Projects/IvanHelsink/Content/Level_1/Textures/Bomb/Bomb110.uasset" 425
"C:/Users/eduar/Documents/Unreal Projects/IvanHelsink/Content/Level_1/Textures/Bomb/Bomb110_Sprite.uasset" 426
"C:/Users/eduar/Documents/Unreal Projects/IvanHelsink/Content/Level_1/Textures/Bomb/Bomb109.uasset" 427
"C:/Users/eduar/Documents/Unreal Projects/IvanHelsink/Content/Level_1/Textures/Bomb/Bomb109_Sprite.uasset" 428
"C:/Users/eduar/Documents/Unreal Projects/IvanHelsink/Content/Level_1/Textures/Bomb/Bomb111.uasset" 429
"C:/Users/eduar/Documents/Unreal Projects/IvanHelsink/Content/Level_1/Textures/Bomb/Bomb111_Sprite.uasset" 430
"C:/Users/eduar/Documents/Unreal Projects/IvanHelsink/Content/Level_1/Textures/Bomb/Bomb112.uasset" 431
"C:/Users/eduar/Documents/Unreal Projects/IvanHelsink/Content/Level_1/Textures/Bomb/Bomb112_Sprite.uasset" 432
"C:/Users/eduar/Documents/Unreal Projects/IvanHelsink/Content/Level_1/Textures/Bomb/Bomb113.uasset" 433
"C:/Users/eduar/Documents/Unreal Projects/IvanHelsink/Content/Level_1/Textures/Bomb/Bomb113_Sprite.uasset" 434
"C:/Users/eduar/Documents/Unreal Projects/IvanHelsink/Content/Level_1/Textures/Bomb/Bomb114.uasset" 435
"C:/Users/eduar/Documents/Unreal Projects/IvanHelsink/Content/Level_1/Textures/Bomb/Bomb114_Sprite.uasset" 436
"C:/Users/eduar/Documents/Unreal Projects/IvanHelsink/Content/Level_1/Textures/Bomb/Bomb115.uasset" 437
"C:/Users/eduar/Documents/Unreal Projects/IvanHelsink/Content/Level_1/Textures/Bomb/Bomb115_Sprite.uasset" 438
"C:/Users/eduar/Documents/Unreal Projects/IvanHelsink/Content/Level_1/Textures/Bomb/Bomb116.uasset" 439
"C:/Users/eduar/Documents/Unreal Projects/IvanHelsink/Content/Level_1/Textures/Bomb/Bomb116_Sprite.uasset" 440
"C:/Users/eduar/Documents/Unreal Projects/IvanHelsink/Content/Level_1/Textures/Bomb/Bomb118.uasset" 441
"C:/Users/eduar/Documents/Unreal Projects/IvanHelsink/Content/Level_1/Textures/Bomb/Bomb118_Sprite.uasset" 442
"C:/Users/eduar/Documents/Unreal Projects/IvanHelsink/Content/Level_1/Textures/Bomb/Bomb119.uasset" 443
"C:/Users/eduar/Documents/Unreal Projects/IvanHelsink/Content/Level_1/Textures/Bomb/Bomb119_Sprite.uasset" 444
"C:/Users/eduar/Documents/Unreal Projects/IvanHelsink/Content/Level_1/Textures/Bomb/Bomb11.uasset" 445
"C:/Users/eduar/Documents/Unreal Projects/IvanHelsink/Content/Level_1/Textures/Bomb/Bomb11_Sprite.uasset" 446
"C:/Users/eduar/Documents/Unreal Projects/IvanHelsink/Content/Level_1/Textures/Bomb/Bomb117.uasset" 447
"C:/Users/eduar/Documents/Unreal Projects/IvanHelsink/Content/Level_1/Textures/Bomb/Bomb117_Sprite.uasset" 448
"C:/Users/eduar/Documents/Unreal Projects/IvanHelsink/Content/Level_1/Textures/Bomb/Bomb105.uasset" 449
"C:/Users/eduar/Documents/Unreal Projects/IvanHelsink/Content/Level_1/Textures/Bomb/Bomb105_Sprite.uasset" 450
"C:/Users/eduar/Documents/Unreal Projects/IvanHelsink/Content/Level_1/Textures/Bomb/Bomb10_Sprite.uasset" 451
"C:/Users/eduar/Documents/Unreal Projects/IvanHelsink/Content/Level_1/Textures/Bomb/Bomb104.uasset" 452
"C:/Users/eduar/Documents/Unreal Projects/IvanHelsink/Content/Level_1/Textures/Bomb/Bomb104_Sprite.uasset" 453
"C:/Users/eduar/Documents/Unreal Projects/IvanHelsink/Content/Level_1/Textures/Bomb/Bomb106.uasset" 454
"C:/Users/eduar/Documents/Unreal Projects/IvanHelsink/Content/Level_1/Textures/Bomb/Bomb106_Sprite.uasset" 455
"C:/Users/eduar/Documents/Unreal Projects/IvanHelsink/Content/Level_1/Textures/Bomb/Bomb90.uasset" 456
"C:/Users/eduar/Documents/Unreal Projects/IvanHelsink/Content/Level_1/Textures/Bomb/Bomb90_Sprite.uasset" 457
"C:/Users/eduar/Documents/Unreal Projects/IvanHelsink/Content/Level_1/Textures/Bomb/Bomb8.uasset" 458
"C:/Users/eduar/Documents/Unreal Projects/IvanHelsink/Content/Level_1/Textures/Bomb/Bomb8_Sprite.uasset" 459
"C:/Users/eduar/Documents/Unreal Projects/IvanHelsink/Content/Level_1/Textures/Bomb/Bomb89.uasset" 460
"C:/Users/eduar/Documents/Unreal Projects/IvanHelsink/Content/Level_1/Textures/Bomb/Bomb89_Sprite.uasset" 461
"C:/Users/eduar/Documents/Unreal Projects/IvanHelsink/Content/Level_1/Textures/Bomb/Bomb88.uasset" 462
"C:/Users/eduar/Documents/Unreal Projects/IvanHelsink/Content/Level_1/Textures/Bomb/Bomb88_Sprite.uasset" 463
"C:/Users/eduar/Documents/Unreal Projects/IvanHelsink/Content/Level_1/Textures/Bomb/Bomb87.uasset" 464
"C:/Users/eduar/Documents/Unreal Projects/IvanHelsink/Content/Level_1/Textures/Bomb/Bomb87_Sprite.uasset" 465
"C:/Users/eduar/Documents/Unreal Projects/IvanHelsink/Content/Level_1/Textures/Bomb/Bomb86.uasset" 466
"C:/Users/eduar/Documents/Unreal Projects/IvanHelsink/Content/Level_1/Textures/Bomb/Bomb86_Sprite.uasset" 467
"C:/Users/eduar/Documents/Unreal Projects/IvanHelsink/Content/Level_1/Textures/Bomb/Bomb85.uasset" 468
"C:/Users/eduar/Documents/Unreal Projects/IvanHelsink/Content/Level_1/Textures/Bomb/Bomb85_Sprite.uasset" 469
"C:/Users/eduar/Documents/Unreal Projects/IvanHelsink/Content/Level_1/Textures/Bomb/Bomb84.uasset" 470
"C:/Users/eduar/Documents/Unreal Projects/IvanHelsink/Content/Level_1/Textures/Bomb/Bomb84_Sprite.uasset" 471
"C:/Users/eduar/Documents/Unreal Projects/IvanHelsink/Content/Level_1/Textures/Bomb/Bomb83.uasset" 472
"C:/Users/eduar/Documents/Unreal Projects/IvanHelsink/Content/Level_1/Textures/Bomb/Bomb83_Sprite.uasset" 473
"C:/Users/eduar/Documents/Unreal Projects/IvanHelsink/Content/Level_1/Textures/Bomb/Bomb82.uasset" 474
"C:/Users/eduar/Documents/Unreal Projects/IvanHelsink/Content/Level_1/Textures/Bomb/Bomb82_Sprite.uasset" 475
"C:/Users/eduar/Documents/Unreal Projects/IvanHelsink/Content/Level_1/Textures/Bomb/Bomb81.uasset" 476
"C:/Users/eduar/Documents/Unreal Projects/IvanHelsink/Content/Level_1/Textures/Bomb/Bomb81_Sprite.uasset" 477
"C:/Users/eduar/Documents/Unreal Projects/IvanHelsink/Content/Level_1/Textures/Bomb/Bomb80.uasset" 478
"C:/Users/eduar/Documents/Unreal Projects/IvanHelsink/Content/Level_1/Textures/Bomb/Bomb80_Sprite.uasset" 479
"C:/Users/eduar/Documents/Unreal Projects/IvanHelsink/Content/Level_1/Textures/Bomb/Bomb7.uasset" 480
"C:/Users/eduar/Documents/Unreal Projects/IvanHelsink/Content/Level_1/Textures/Bomb/Bomb7_Sprite.uasset" 481
"C:/Users/eduar/Documents/Unreal Projects/IvanHelsink/Content/Level_1/Textures/Bomb/Bomb79.uasset" 482
"C:/Users/eduar/Documents/Unreal Projects/IvanHelsink/Content/Level_1/Textures/Bomb/Bomb79_Sprite.uasset" 483
"C:/Users/eduar/Documents/Unreal Projects/IvanHelsink/Content/Level_1/Textures/Bomb/Bomb78.uasset" 484
"C:/Users/eduar/Documents/Unreal Projects/IvanHelsink/Content/Level_1/Textures/Bomb/Bomb78_Sprite.uasset" 485
"C:/Users/eduar/Documents/Unreal Projects/IvanHelsink/Content/Level_1/Textures/Bomb/Bomb77.uasset" 486
"C:/Users/eduar/Documents/Unreal Projects/IvanHelsink/Content/Level_1/Textures/Bomb/Bomb77_Sprite.uasset" 487
"C:/Users/eduar/Documents/Unreal Projects/IvanHelsink/Content/Level_1/Textures/Bomb/Bomb76.uasset" 488
"C:/Users/eduar/Documents/Unreal Projects/IvanHelsink/Content/Level_1/Textures/Bomb/Bomb76_Sprite.uasset" 489
"C:/Users/eduar/Documents/Unreal Projects/IvanHelsink/Content/Level_1/Textures/Bomb/Bomb75.uasset" 490
"C:/Users/eduar/Documents/Unreal Projects/IvanHelsink/Content/Level_1/Textures/Bomb/Bomb75_Sprite.uasset" 491
"C:/Users/eduar/Documents/Unreal Projects/IvanHelsink/Content/Level_1/Textures/Bomb/Bomb74.uasset" 492
"C:/Users/eduar/Documents/Unreal Projects/IvanHelsink/Content/Level_1/Textures/Bomb/Bomb74_Sprite.uasset" 493
"C:/Users/eduar/Documents/Unreal Projects/IvanHelsink/Content/Level_1/Textures/Bomb/Bomb73.uasset" 494
"C:/Users/eduar/Documents/Unreal Projects/IvanHelsink/Content/Level_1/Textures/Bomb/Bomb73_Sprite.uasset" 495
"C:/Users/eduar/Documents/Unreal Projects/IvanHelsink/Content/Level_1/Textures/Bomb/Bomb72.uasset" 496
"C:/Users/eduar/Documents/Unreal Projects/IvanHelsink/Content/Level_1/Textures/Bomb/Bomb72_Sprite.uasset" 497
"C:/Users/eduar/Documents/Unreal Projects/IvanHelsink/Content/Level_1/Textures/Bomb/Bomb71.uasset" 498
"C:/Users/eduar/Documents/Unreal Projects/IvanHelsink/Content/Level_1/Textures/Bomb/Bomb71_Sprite.uasset" 499
"C:/Users/eduar/Documents/Unreal Projects/IvanHelsink/Content/Level_1/Textures/Bomb/Bomb70.uasset" 500
"C:/Users/eduar/Documents/Unreal Projects/IvanHelsink/Content/Level_1/Textures/Bomb/Bomb70_Sprite.uasset" 501
"C:/Users/eduar/Documents/Unreal Projects/IvanHelsink/Content/Level_1/Textures/Bomb/Bomb6.uasset" 502
"C:/Users/eduar/Documents/Unreal Projects/IvanHelsink/Content/Level_1/Textures/Bomb/Bomb6_Sprite.uasset" 503
"C:/Users/eduar/Documents/Unreal Projects/IvanHelsink/Content/Level_1/Textures/Bomb/Bomb69.uasset" 504
"C:/Users/eduar/Documents/Unreal Projects/IvanHelsink/Content/Level_1/Textures/Bomb/Bomb69_Sprite.uasset" 505
"C:/Users/eduar/Documents/Unreal Projects/IvanHelsink/Content/Level_1/Textures/Bomb/Bomb68.uasset" 506
"C:/Users/eduar/Documents/Unreal Projects/IvanHelsink/Content/Level_1/Textures/Bomb/Bomb68_Sprite.uasset" 507
"C:/Users/eduar/Documents/Unreal Projects/IvanHelsink/Content/Level_1/Textures/Bomb/Bomb67.uasset" 508
"C:/Users/eduar/Documents/Unreal Projects/IvanHelsink/Content/Level_1/Textures/Bomb/Bomb67_Sprite.uasset" 509
"C:/Users/eduar/Documents/Unreal Projects/IvanHelsink/Content/Level_1/Textures/Bomb/Bomb66.uasset" 510
"C:/Users/eduar/Documents/Unreal Projects/IvanHelsink/Content/Level_1/Textures/Bomb/Bomb66_Sprite.uasset" 511
"C:/Users/eduar/Documents/Unreal Projects/IvanHelsink/Content/Level_1/Textures/Bomb/Bomb65.uasset" 512
"C:/Users/eduar/Documents/Unreal Projects/IvanHelsink/Content/Level_1/Textures/Bomb/Bomb65_Sprite.uasset" 513
"C:/Users/eduar/Documents/Unreal Projects/IvanHelsink/Content/Level_1/Textures/Bomb/Bomb64.uasset" 514
"C:/Users/eduar/Documents/Unreal Projects/IvanHelsink/Content/Level_1/Textures/Bomb/Bomb64_Sprite.uasset" 515
"C:/Users/eduar/Documents/Unreal Projects/IvanHelsink/Content/Level_1/Textures/Bomb/Bomb63.uasset" 516
"C:/Users/eduar/Documents/Unreal Projects/IvanHelsink/Content/Level_1/Textures/Bomb/Bomb63_Sprite.uasset" 517
"C:/Users/eduar/Documents/Unreal Projects/IvanHelsink/Content/Level_1/Textures/Bomb/Bomb62.uasset" 518
"C:/Users/eduar/Documents/Unreal Projects/IvanHelsink/Content/Level_1/Textures/Bomb/Bomb62_Sprite.uasset" 519
"C:/Users/eduar/Documents/Unreal Projects/IvanHelsink/Content/Level_1/Textures/Bomb/Bomb61.uasset" 520
"C:/Users/eduar/Documents/Unreal Projects/IvanHelsink/Content/Level_1/Textures/Bomb/Bomb61_Sprite.uasset" 521
"C:/Users/eduar/Documents/Unreal Projects/IvanHelsink/Content/Level_1/Textures/Bomb/Bomb60.uasset" 522
"C:/Users/eduar/Documents/Unreal Projects/IvanHelsink/Content/Level_1/Textures/Bomb/Bomb60_Sprite.uasset" 523
"C:/Users/eduar/Documents/Unreal Projects/IvanHelsink/Content/Level_1/Textures/Bomb/Bomb5.uasset" 524
"C:/Users/eduar/Documents/Unreal Projects/IvanHelsink/Content/Level_1/Textures/Bomb/Bomb5_Sprite.uasset" 525
"C:/Users/eduar/Documents/Unreal Projects/IvanHelsink/Content/Level_1/Textures/Bomb/Bomb59.uasset" 526
"C:/Users/eduar/Documents/Unreal Projects/IvanHelsink/Content/Level_1/Textures/Bomb/Bomb59_Sprite.uasset" 527
"C:/Users/eduar/Documents/Unreal Projects/IvanHelsink/Content/Level_1/Textures/Bomb/Bomb58.uasset" 528
"C:/Users/eduar/Documents/Unreal Projects/IvanHelsink/Content/Level_1/Textures/Bomb/Bomb58_Sprite.uasset" 529
"C:/Users/eduar/Documents/Unreal Projects/IvanHelsink/Content/Level_1/Textures/Bomb/Bomb57.uasset" 530
"C:/Users/eduar/Documents/Unreal Projects/IvanHelsink/Content/Level_1/Textures/Bomb/Bomb57_Sprite.uasset" 531
"C:/Users/eduar/Documents/Unreal Projects/IvanHelsink/Content/Level_1/Textures/Bomb/Bomb56.uasset" 532
"C:/Users/eduar/Documents/Unreal Projects/IvanHelsink/Content/Level_1/Textures/Bomb/Bomb56_Sprite.uasset" 533
"C:/Users/eduar/Documents/Unreal Projects/IvanHelsink/Content/Level_1/Textures/Bomb/Bomb55.uasset" 534
"C:/Users/eduar/Documents/Unreal Projects/IvanHelsink/Content/Level_1/Textures/Bomb/Bomb55_Sprite.uasset" 535
"C:/Users/eduar/Documents/Unreal Projects/IvanHelsink/Content/Level_1/Textures/Bomb/Bomb54.uasset" 536
"C:/Users/eduar/Documents/Unreal Projects/IvanHelsink/Content/Level_1/Textures/Bomb/Bomb54_Sprite.uasset" 537
"C:/Users/eduar/Documents/Unreal Projects/IvanHelsink/Content/Level_1/Textures/Bomb/Bomb53.uasset" 538
"C:/Users/eduar/Documents/Unreal Projects/IvanHelsink/Content/Level_1/Textures/Bomb/Bomb53_Sprite.uasset" 539
"C:/Users/eduar/Documents/Unreal Projects/IvanHelsink/Content/Level_1/Textures/Bomb/Bomb52.uasset" 540
"C:/Users/eduar/Documents/Unreal Projects/IvanHelsink/Content/Level_1/Textures/Bomb/Bomb52_Sprite.uasset" 541
"C:/Users/eduar/Documents/Unreal Projects/IvanHelsink/Content/Level_1/Textures/Bomb/Bomb51.uasset" 542
"C:/Users/eduar/Documents/Unreal Projects/IvanHelsink/Content/Level_1/Textures/Bomb/Bomb51_Sprite.uasset" 543
"C:/Users/eduar/Documents/Unreal Projects/IvanHelsink/Content/Level_1/Textures/Bomb/Bomb50_Sprite.uasset" 544
"C:/Users/eduar/Documents/Unreal Projects/IvanHelsink/Content/Level_1/Textures/Bomb/Bomb4.uasset" 545
"C:/Users/eduar/Documents/Unreal Projects/IvanHelsink/Content/Level_1/Textures/Bomb/Bomb4_Sprite.uasset" 546
"C:/Users/eduar/Documents/Unreal Projects/IvanHelsink/Content/Level_1/Textures/Bomb/Bomb49.uasset" 547
"C:/Users/eduar/Documents/Unreal Projects/IvanHelsink/Content/Level_1/Textures/Bomb/Bomb49_Sprite.uasset" 548
"C:/Users/eduar/Documents/Unreal Projects/IvanHelsink/Content/Level_1/Textures/Bomb/Bomb48.uasset" 549
"C:/Users/eduar/Documents/Unreal Projects/IvanHelsink/Content/Level_1/Textures/Bomb/Bomb48_Sprite.uasset" 550
"C:/Users/eduar/Documents/Unreal Projects/IvanHelsink/Content/Level_1/Textures/Bomb/Bomb47.uasset" 551
"C:/Users/eduar/Documents/Unreal Projects/IvanHelsink/Content/Level_1/Textures/Bomb/Bomb47_Sprite.uasset" 552
"C:/Users/eduar/Documents/Unreal Projects/IvanHelsink/Content/Level_1/Textures/Bomb/Bomb46.uasset" 553
"C:/Users/eduar/Documents/Unreal Projects/IvanHelsink/Content/Level_1/Textures/Bomb/Bomb46_Sprite.uasset" 554
"C:/Users/eduar/Documents/Unreal Projects/IvanHelsink/Content/Level_1/Textures/Bomb/Bomb45.uasset" 555
"C:/Users/eduar/Documents/Unreal Projects/IvanHelsink/Content/Level_1/Textures/Bomb/Bomb45_Sprite.uasset" 556
"C:/Users/eduar/Documents/Unreal Projects/IvanHelsink/Content/Level_1/Textures/Bomb/Bomb44.uasset" 557
"C:/Users/eduar/Documents/Unreal Projects/IvanHelsink/Content/Level_1/Textures/Bomb/Bomb44_Sprite.uasset" 558
"C:/Users/eduar/Documents/Unreal Projects/IvanHelsink/Content/Level_1/Textures/Bomb/Bomb43.uasset" 559
"C:/Users/eduar/Documents/Unreal Projects/IvanHelsink/Content/Level_1/Textures/Bomb/Bomb43_Sprite.uasset" 560
"C:/Users/eduar/Documents/Unreal Projects/IvanHelsink/Content/Level_1/Textures/Bomb/Bomb42.uasset" 561
"C:/Users/eduar/Documents/Unreal Projects/IvanHelsink/Content/Level_1/Textures/Bomb/Bomb42_Sprite.uasset" 562
"C:/Users/eduar/Documents/Unreal Projects/IvanHelsink/Content/Level_1/Textures/Bomb/Bomb41.uasset" 563
"C:/Users/eduar/Documents/Unreal Projects/IvanHelsink/Content/Level_1/Textures/Bomb/Bomb41_Sprite.uasset" 564
"C:/Users/eduar/Documents/Unreal Projects/IvanHelsink/Content/Level_1/Textures/Bomb/Bomb40_Sprite.uasset" 565
"C:/Users/eduar/Documents/Unreal Projects/IvanHelsink/Content/Level_1/Textures/Bomb/Bomb3.uasset" 566
"C:/Users/eduar/Documents/Unreal Projects/IvanHelsink/Content/Level_1/Textures/Bomb/Bomb3_Sprite.uasset" 567
"C:/Users/eduar/Documents/Unreal Projects/IvanHelsink/Content/Level_1/Textures/Bomb/Bomb39.uasset" 568
"C:/Users/eduar/Documents/Unreal Projects/IvanHelsink/Content/Level_1/Textures/Bomb/Bomb39_Sprite.uasset" 569
"C:/Users/eduar/Documents/Unreal Projects/IvanHelsink/Content/Level_1/Textures/Bomb/Bomb38.uasset" 570
"C:/Users/eduar/Documents/Unreal Projects/IvanHelsink/Content/Level_1/Textures/Bomb/Bomb38_Sprite.uasset" 571
"C:/Users/eduar/Documents/Unreal Projects/IvanHelsink/Content/Level_1/Textures/Bomb/Bomb37.uasset" 572
"C:/Users/eduar/Documents/Unreal Projects/IvanHelsink/Content/Level_1/Textures/Bomb/Bomb37_Sprite.uasset" 573
"C:/Users/eduar/Documents/Unreal Projects/IvanHelsink/Content/Level_1/Textures/Bomb/Bomb36.uasset" 574
"C:/Users/eduar/Documents/Unreal Projects/IvanHelsink/Content/Level_1/Textures/Bomb/Bomb36_Sprite.uasset" 575
"C:/Users/eduar/Documents/Unreal Projects/IvanHelsink/Content/Level_1/Textures/Bomb/Bomb35.uasset" 576
"C:/Users/eduar/Documents/Unreal Projects/IvanHelsink/Content/Level_1/Textures/Bomb/Bomb35_Sprite.uasset" 577
"C:/Users/eduar/Documents/Unreal Projects/IvanHelsink/Content/Level_1/Textures/Bomb/Bomb34.uasset" 578
"C:/Users/eduar/Documents/Unreal Projects/IvanHelsink/Content/Level_1/Textures/Bomb/Bomb34_Sprite.uasset" 579
"C:/Users/eduar/Documents/Unreal Projects/IvanHelsink/Content/Level_1/Textures/Bomb/Bomb33.uasset" 580
"C:/Users/eduar/Documents/Unreal Projects/IvanHelsink/Content/Level_1/Textures/Bomb/Bomb33_Sprite.uasset" 581
"C:/Users/eduar/Documents/Unreal Projects/IvanHelsink/Content/Level_1/Textures/Bomb/Bomb32.uasset" 582
"C:/Users/eduar/Documents/Unreal Projects/IvanHelsink/Content/Level_1/Textures/Bomb/Bomb32_Sprite.uasset" 583
"C:/Users/eduar/Documents/Unreal Projects/IvanHelsink/Content/Level_1/Textures/Bomb/Bomb31.uasset" 584
"C:/Users/eduar/Documents/Unreal Projects/IvanHelsink/Content/Level_1/Textures/Bomb/Bomb31_Sprite.uasset" 585
"C:/Users/eduar/Documents/Unreal Projects/IvanHelsink/Content/Level_1/Textures/Bomb/Bomb30_Sprite.uasset" 586
"C:/Users/eduar/Documents/Unreal Projects/IvanHelsink/Content/Level_1/Textures/Bomb/Bomb2.uasset" 587
"C:/Users/eduar/Documents/Unreal Projects/IvanHelsink/Content/Level_1/Textures/Bomb/Bomb2_Sprite.uasset" 588
"C:/Users/eduar/Documents/Unreal Projects/IvanHelsink/Content/Level_1/Textures/Bomb/Bomb29.uasset" 589
"C:/Users/eduar/Documents/Unreal Projects/IvanHelsink/Content/Level_1/Textures/Bomb/Bomb29_Sprite.uasset" 590
"C:/Users/eduar/Documents/Unreal Projects/IvanHelsink/Content/Level_1/Textures/Bomb/Bomb28.uasset" 591
"C:/Users/eduar/Documents/Unreal Projects/IvanHelsink/Content/Level_1/Textures/Bomb/Bomb28_Sprite.uasset" 592
"C:/Users/eduar/Documents/Unreal Projects/IvanHelsink/Content/Level_1/Textures/Bomb/Bomb27.uasset" 593
"C:/Users/eduar/Documents/Unreal Projects/IvanHelsink/Content/Level_1/Textures/Bomb/Bomb27_Sprite.uasset" 594
"C:/Users/eduar/Documents/Unreal Projects/IvanHelsink/Content/Level_1/Textures/Bomb/Bomb26.uasset" 595
"C:/Users/eduar/Documents/Unreal Projects/IvanHelsink/Content/Level_1/Textures/Bomb/Bomb26_Sprite.uasset" 596
"C:/Users/eduar/Documents/Unreal Projects/IvanHelsink/Content/Level_1/Textures/Bomb/Bomb25.uasset" 597
"C:/Users/eduar/Documents/Unreal Projects/IvanHelsink/Content/Level_1/Textures/Bomb/Bomb25_Sprite.uasset" 598
"C:/Users/eduar/Documents/Unreal Projects/IvanHelsink/Content/Level_1/Textures/Bomb/Bomb24.uasset" 599
"C:/Users/eduar/Documents/Unreal Projects/IvanHelsink/Content/Level_1/Textures/Bomb/Bomb24_Sprite.uasset" 600
"C:/Users/eduar/Documents/Unreal Projects/IvanHelsink/Content/Level_1/Textures/Bomb/Bomb23.uasset" 601
"C:/Users/eduar/Documents/Unreal Projects/IvanHelsink/Content/Level_1/Textures/Bomb/Bomb23_Sprite.uasset" 602
"C:/Users/eduar/Documents/Unreal Projects/IvanHelsink/Content/Level_1/Textures/Bomb/Bomb22.uasset" 603
"C:/Users/eduar/Documents/Unreal Projects/IvanHelsink/Content/Level_1/Textures/Bomb/Bomb22_Sprite.uasset" 604
"C:/Users/eduar/Documents/Unreal Projects/IvanHelsink/Content/Level_1/Textures/Bomb/Bomb21.uasset" 605
"C:/Users/eduar/Documents/Unreal Projects/IvanHelsink/Content/Level_1/Textures/Bomb/Bomb21_Sprite.uasset" 606
"C:/Users/eduar/Documents/Unreal Projects/IvanHelsink/Content/Level_1/Textures/Bomb/Bomb20_Sprite.uasset" 607
"C:/Users/eduar/Documents/Unreal Projects/IvanHelsink/Content/Level_1/Textures/Bomb/Bomb1_Sprite.uasset" 608
"C:/Users/eduar/Documents/Unreal Projects/IvanHelsink/Content/Level_1/Textures/Bomb/Bomb19.uasset" 609
"C:/Users/eduar/Documents/Unreal Projects/IvanHelsink/Content/Level_1/Textures/Bomb/Bomb19_Sprite.uasset" 610
"C:/Users/eduar/Documents/Unreal Projects/IvanHelsink/Content/Level_1/Textures/Bomb/Bomb18.uasset" 611
"C:/Users/eduar/Documents/Unreal Projects/IvanHelsink/Content/Level_1/Textures/Bomb/Bomb18_Sprite.uasset" 612
"C:/Users/eduar/Documents/Unreal Projects/IvanHelsink/Content/Level_1/Textures/Bomb/Bomb17.uasset" 613
"C:/Users/eduar/Documents/Unreal Projects/IvanHelsink/Content/Level_1/Textures/Bomb/Bomb17_Sprite.uasset" 614
"C:/Users/eduar/Documents/Unreal Projects/IvanHelsink/Content/Level_1/Textures/Bomb/Bomb16.uasset" 615
"C:/Users/eduar/Documents/Unreal Projects/IvanHelsink/Content/Level_1/Textures/Bomb/Bomb16_Sprite.uasset" 616
"C:/Users/eduar/Documents/Unreal Projects/IvanHelsink/Content/Level_1/Textures/Bomb/Bomb15.uasset" 617
"C:/Users/eduar/Documents/Unreal Projects/IvanHelsink/Content/Level_1/Textures/Bomb/Bomb15_Sprite.uasset" 618
"C:/Users/eduar/Documents/Unreal Projects/IvanHelsink/Content/Level_1/Textures/Bomb/Bomb9.uasset" 619
"C:/Users/eduar/Documents/Unreal Projects/IvanHelsink/Content/Level_1/Textures/Bomb/Bomb9_Sprite.uasset" 620
"C:/Users/eduar/Documents/Unreal Projects/IvanHelsink/Content/Level_1/Textures/Bomb/Bomb99.uasset" 621
"C:/Users/eduar/Documents/Unreal Projects/IvanHelsink/Content/Level_1/Textures/Bomb/Bomb99_Sprite.uasset" 622
"C:/Users/eduar/Documents/Unreal Projects/IvanHelsink/Content/Level_1/Textures/Bomb/Bomb98.uasset" 623
"C:/Users/eduar/Documents/Unreal Projects/IvanHelsink/Content/Level_1/Textures/Bomb/Bomb98_Sprite.uasset" 624
"C:/Users/eduar/Documents/Unreal Projects/IvanHelsink/Content/Level_1/Textures/Bomb/Bomb97.uasset" 625
"C:/Users/eduar/Documents/Unreal Projects/IvanHelsink/Content/Level_1/Textures/Bomb/Bomb97_Sprite.uasset" 626
"C:/Users/eduar/Documents/Unreal Projects/IvanHelsink/Content/Level_1/Textures/Bomb/Bomb96.uasset" 627
"C:/Users/eduar/Documents/Unreal Projects/IvanHelsink/Content/Level_1/Textures/Bomb/Bomb96_Sprite.uasset" 628
"C:/Users/eduar/Documents/Unreal Projects/IvanHelsink/Content/Level_1/Textures/Bomb/Bomb95.uasset" 629
"C:/Users/eduar/Documents/Unreal Projects/IvanHelsink/Content/Level_1/Textures/Bomb/Bomb95_Sprite.uasset" 630
"C:/Users/eduar/Documents/Unreal Projects/IvanHelsink/Content/Level_1/Textures/Bomb/Bomb94.uasset" 631
"C:/Users/eduar/Documents/Unreal Projects/IvanHelsink/Content/Level_1/Textures/Bomb/Bomb94_Sprite.uasset" 632
"C:/Users/eduar/Documents/Unreal Projects/IvanHelsink/Content/Level_1/Textures/Bomb/Bomb93.uasset" 633
"C:/Users/eduar/Documents/Unreal Projects/IvanHelsink/Content/Level_1/Textures/Bomb/Bomb93_Sprite.uasset" 634
"C:/Users/eduar/Documents/Unreal Projects/IvanHelsink/Content/Level_1/Textures/Bomb/Bomb92.uasset" 635
"C:/Users/eduar/Documents/Unreal Projects/IvanHelsink/Content/Level_1/Textures/Bomb/Bomb92_Sprite.uasset" 636
"C:/Users/eduar/Documents/Unreal Projects/IvanHelsink/Content/Level_1/Textures/Bomb/Bomb91.uasset" 637
"C:/Users/eduar/Documents/Unreal Projects/IvanHelsink/Content/Level_1/Textures/Bomb/Bomb91_Sprite.uasset" 638
"C:/Users/eduar/Documents/Unreal Projects/IvanHelsink/Content/Level_1/FlipBooks/Bomb.uasset" 639
"C:/Users/eduar/Documents/Unreal Projects/IvanHelsink/Content/Level_1/Actors/Bomb.uasset" 640
"C:/Users/eduar/Documents/Unreal Projects/IvanHelsink/Content/Level_1/Character/PC_1.uasset" 641
"C:/Users/eduar/Documents/Unreal Projects/IvanHelsink/Content/Level_1/Character/GM_1.uasset" 642
"../../../Engine/Content/EngineSky/SM_SkySphere.uasset" 643
"../../../Engine/Content/EngineSky/C_Sky_Zenith_Color.uasset" 644
"../../../Engine/Content/EngineSky/C_Sky_Horizon_Color.uasset" 645
"../../../Engine/Content/EngineSky/C_Sky_Cloud_Color.uasset" 646
"../../../Engine/Content/EngineSky/BP_Sky_Sphere.uasset" 647
"C:/Users/eduar/Documents/Unreal Projects/IvanHelsink/Content/Maps/Level_1.umap" 648
"C:/Users/eduar/Documents/Unreal Projects/IvanHelsink/Content/Maps/Level_2_BuiltData.uasset" 649
"C:/Users/eduar/Documents/Unreal Projects/IvanHelsink/Content/Level_2/Widget/UI_2.uasset" 650
"C:/Users/eduar/Documents/Unreal Projects/IvanHelsink/Content/Level_2/Character/IvanRunner.uasset" 651
"C:/Users/eduar/Documents/Unreal Projects/IvanHelsink/Content/Level_2/Actors/Floor4_Blueprint.uasset" 652
"C:/Users/eduar/Documents/Unreal Projects/IvanHelsink/Content/Level_2/Character/PC_2.uasset" 653
"C:/Users/eduar/Documents/Unreal Projects/IvanHelsink/Content/Level_2/Character/GM_2.uasset" 654
"C:/Users/eduar/Documents/Unreal Projects/IvanHelsink/Content/Maps/Level_2.umap" 655
"../../../Engine/Content/Maps/Entry_BuiltData.uasset" 656
"../../../Engine/Content/Maps/Entry.umap" 657
